<?xml version="1.0" encoding="UTF-8"?>
<testsuite xmlns:xsi="http://www.w3.org/2001/XMLSchema-instance" xsi:noNamespaceSchemaLocation="https://maven.apache.org/surefire/maven-surefire-plugin/xsd/surefire-test-report.xsd" version="3.0.2" name="io.trino.plugin.trino.TestTrinoRemoteConfig" time="0.27" tests="2" errors="0" skipped="0" failures="0">
  <properties>
[...]
</properties>
  <testcase name="testDefaults" classname="io.trino.plugin.trino.TestTrinoRemoteConfig" time="0.243">
    <system-err><![CDATA[2025-04-27T17:04:47.176-0600	INFO	ForkJoinPool-1-worker-1	io.airlift.log.Logging	Logging to stderr
2025-04-27T17:04:47.317-0600	INFO	ForkJoinPool-1-worker-6	org.hibernate.validator.internal.util.Version	HV000001: Hibernate Validator 8.0.2.Final
2025-04-27T17:04:47.356-0600	INFO	ForkJoinPool-1-worker-4	stdout	# WARNING: Unable to get Instrumentation. Dynamic Attach failed. You may add this JAR as -javaagent manually, or supply -Djdk.attach.allowAttachSelf
]]></system-err>
  </testcase>
  <testcase name="testExplicitPropertyMappings" classname="io.trino.plugin.trino.TestTrinoRemoteConfig" time="0.259"/>
</testsuite>